<?xml version="1.0" encoding="UTF-8"?>
<testsuite xmlns:xsi="http://www.w3.org/2001/XMLSchema-instance" xsi:noNamespaceSchemaLocation="https://maven.apache.org/surefire/maven-surefire-plugin/xsd/surefire-test-report-3.0.xsd" version="3.0" name="ru.nsu.store.security.JwtProviderTest" time="1.919" tests="6" errors="0" skipped="0" failures="0">
  <properties>
[...]
</properties>
  <testcase name="validateToken" classname="ru.nsu.store.security.JwtProviderTest" time="1.628">
    <system-out><![CDATA[11:31:16.649 [Finalizer] DEBUG org.apache.http.impl.conn.PoolingHttpClientConnectionManager - Connection manager is shutting down
11:31:16.656 [Finalizer] DEBUG org.apache.http.impl.conn.PoolingHttpClientConnectionManager - Connection manager shut down
11:31:16.663 [java-sdk-http-connection-reaper] DEBUG com.amazonaws.http.IdleConnectionReaper - Reaper thread: 
java.lang.InterruptedException: sleep interrupted
	at java.base/java.lang.Thread.sleep(Native Method)
	at com.amazonaws.http.IdleConnectionReaper.run(IdleConnectionReaper.java:181)
11:31:16.664 [java-sdk-http-connection-reaper] DEBUG com.amazonaws.http.IdleConnectionReaper - Shutting down reaper thread.
]]></system-out>
  </testcase>
  <testcase name="createToken" classname="ru.nsu.store.security.JwtProviderTest" time="0.122"/>
  <testcase name="getAuthentication" classname="ru.nsu.store.security.JwtProviderTest" time="0.034"/>
  <testcase name="resolveToken" classname="ru.nsu.store.security.JwtProviderTest" time="0.003"/>
  <testcase name="validateTokenThrowsJwtAuthenticationException" classname="ru.nsu.store.security.JwtProviderTest" time="0.102"/>
  <testcase name="getUsername" classname="ru.nsu.store.security.JwtProviderTest" time="0.014"/>
</testsuite>